<object-stream>
<org.drools.core.audit.WorkingMemoryLog>
  <version>6.1</version>
  <events>
    <org.drools.core.audit.event.ObjectLogEvent>
      <type>1</type>
      <factId>1</factId>
      <objectToString>RootFact(childFactList=[ChildFact(id=1, amount=5000, contractList=[Contract(date=19991231, number=200), Contract(date=19991231, number=300), Contract(date=20190301, number=100), Contract(date=20180603, number=100), Contract(date=20000101, number=100)]), ChildFact(id=2, amount=4999, contractList=[Contract(date=19991231, number=200), Contract(date=19991231, number=300), Contract(date=20190301, number=100), Contract(date=20180603, number=100), Contract(date=20000101, number=100)]), ChildFact(id=3, amount=4998, contractList=[Contract(date=19991231, number=200), Contract(date=19991231, number=300), Contract(date=20190301, number=100), Contract(date=20180603, number=100), Contract(date=20000101, number=100)])], childWorkFactList=[ChildWorkFact(id=1, amount=0, minDate=0, minNumber=0), ChildWorkFact(id=2, amount=0, minDate=0, minNumber=0), ChildWorkFact(id=3, amount=0, minDate=0, minNumber=0)], childSortFactList=[])</objectToString>
    </org.drools.core.audit.event.ObjectLogEvent>
    <org.drools.core.audit.event.ActivationLogEvent>
      <type>4</type>
      <activationId>Sort Rule [1, 2, 11, 29, 49]</activationId>
      <rule>Sort Rule</rule>
      <declarations>$childWork=ChildWorkFact(id=1, amount=0, minDate=0, minNumber=0); $minDate=19991231; $minNum=200; $amount=5000; $child=ChildFact(id=1, amount=5000, contractList=[Contract(date=19991231, number=200), Contract(date=19991231, number=300), Contract(date=20190301, number=100), Contract(date=20180603, number=100), Contract(date=20000101, number=100)]); $fact=RootFact(childFactList=[ChildFact(id=1, amount=5000, contractList=[Contract(date=19991231, number=200), Contract(date=19991231, number=300), Contract(date=20190301, number=100), Contract(date=20180603, number=100), Contract(date=20000101, number=100)]), ChildFact(id=2, amount=4999, contractList=[Contract(date=19991231, number=200), Contract(date=19991231, number=300), Contract(date=20190301, number=100), Contract(date=20180603, number=100), Contract(date=20000101, number=100)]), ChildFact(id=3, amount=4998, contractList=[Contract(date=19991231, number=200), Contract(date=19991231, number=300), Contract(date=20190301, number=100), Contract(date=20180603, number=100), Contract(date=20000101, number=100)])], childWorkFactList=[ChildWorkFact(id=1, amount=0, minDate=0, minNumber=0), ChildWorkFact(id=2, amount=0, minDate=0, minNumber=0), ChildWorkFact(id=3, amount=0, minDate=0, minNumber=0)], childSortFactList=[]); $id=1; $list=[Contract(date=19991231, number=200), Contract(date=19991231, number=300), Contract(date=20190301, number=100), Contract(date=20180603, number=100), Contract(date=20000101, number=100)]</declarations>
      <factHandleIds>1,2,11,29,49</factHandleIds>
    </org.drools.core.audit.event.ActivationLogEvent>
    <org.drools.core.audit.event.ActivationLogEvent>
      <type>4</type>
      <activationId>Sort Rule [1, 3, 9, 30, 48]</activationId>
      <rule>Sort Rule</rule>
      <declarations>$childWork=ChildWorkFact(id=2, amount=0, minDate=0, minNumber=0); $minDate=19991231; $minNum=200; $amount=4999; $child=ChildFact(id=2, amount=4999, contractList=[Contract(date=19991231, number=200), Contract(date=19991231, number=300), Contract(date=20190301, number=100), Contract(date=20180603, number=100), Contract(date=20000101, number=100)]); $fact=RootFact(childFactList=[ChildFact(id=1, amount=5000, contractList=[Contract(date=19991231, number=200), Contract(date=19991231, number=300), Contract(date=20190301, number=100), Contract(date=20180603, number=100), Contract(date=20000101, number=100)]), ChildFact(id=2, amount=4999, contractList=[Contract(date=19991231, number=200), Contract(date=19991231, number=300), Contract(date=20190301, number=100), Contract(date=20180603, number=100), Contract(date=20000101, number=100)]), ChildFact(id=3, amount=4998, contractList=[Contract(date=19991231, number=200), Contract(date=19991231, number=300), Contract(date=20190301, number=100), Contract(date=20180603, number=100), Contract(date=20000101, number=100)])], childWorkFactList=[ChildWorkFact(id=1, amount=0, minDate=0, minNumber=0), ChildWorkFact(id=2, amount=0, minDate=0, minNumber=0), ChildWorkFact(id=3, amount=0, minDate=0, minNumber=0)], childSortFactList=[]); $id=2; $list=[Contract(date=19991231, number=200), Contract(date=19991231, number=300), Contract(date=20190301, number=100), Contract(date=20180603, number=100), Contract(date=20000101, number=100)]</declarations>
      <factHandleIds>1,3,9,30,48</factHandleIds>
    </org.drools.core.audit.event.ActivationLogEvent>
    <org.drools.core.audit.event.ActivationLogEvent>
      <type>4</type>
      <activationId>Sort Rule [1, 4, 7, 31, 47]</activationId>
      <rule>Sort Rule</rule>
      <declarations>$childWork=ChildWorkFact(id=3, amount=0, minDate=0, minNumber=0); $minDate=19991231; $minNum=200; $amount=4998; $child=ChildFact(id=3, amount=4998, contractList=[Contract(date=19991231, number=200), Contract(date=19991231, number=300), Contract(date=20190301, number=100), Contract(date=20180603, number=100), Contract(date=20000101, number=100)]); $fact=RootFact(childFactList=[ChildFact(id=1, amount=5000, contractList=[Contract(date=19991231, number=200), Contract(date=19991231, number=300), Contract(date=20190301, number=100), Contract(date=20180603, number=100), Contract(date=20000101, number=100)]), ChildFact(id=2, amount=4999, contractList=[Contract(date=19991231, number=200), Contract(date=19991231, number=300), Contract(date=20190301, number=100), Contract(date=20180603, number=100), Contract(date=20000101, number=100)]), ChildFact(id=3, amount=4998, contractList=[Contract(date=19991231, number=200), Contract(date=19991231, number=300), Contract(date=20190301, number=100), Contract(date=20180603, number=100), Contract(date=20000101, number=100)])], childWorkFactList=[ChildWorkFact(id=1, amount=0, minDate=0, minNumber=0), ChildWorkFact(id=2, amount=0, minDate=0, minNumber=0), ChildWorkFact(id=3, amount=0, minDate=0, minNumber=0)], childSortFactList=[]); $id=3; $list=[Contract(date=19991231, number=200), Contract(date=19991231, number=300), Contract(date=20190301, number=100), Contract(date=20180603, number=100), Contract(date=20000101, number=100)]</declarations>
      <factHandleIds>1,4,7,31,47</factHandleIds>
    </org.drools.core.audit.event.ActivationLogEvent>
    <org.drools.core.audit.event.ActivationLogEvent>
      <type>6</type>
      <activationId>Sort Rule [1, 2, 11, 29, 49]</activationId>
      <rule>Sort Rule</rule>
      <declarations>$childWork=ChildWorkFact(id=1, amount=0, minDate=0, minNumber=0); $minDate=19991231; $minNum=200; $amount=5000; $child=ChildFact(id=1, amount=5000, contractList=[Contract(date=19991231, number=200), Contract(date=19991231, number=300), Contract(date=20190301, number=100), Contract(date=20180603, number=100), Contract(date=20000101, number=100)]); $fact=RootFact(childFactList=[ChildFact(id=1, amount=5000, contractList=[Contract(date=19991231, number=200), Contract(date=19991231, number=300), Contract(date=20190301, number=100), Contract(date=20180603, number=100), Contract(date=20000101, number=100)]), ChildFact(id=2, amount=4999, contractList=[Contract(date=19991231, number=200), Contract(date=19991231, number=300), Contract(date=20190301, number=100), Contract(date=20180603, number=100), Contract(date=20000101, number=100)]), ChildFact(id=3, amount=4998, contractList=[Contract(date=19991231, number=200), Contract(date=19991231, number=300), Contract(date=20190301, number=100), Contract(date=20180603, number=100), Contract(date=20000101, number=100)])], childWorkFactList=[ChildWorkFact(id=1, amount=0, minDate=0, minNumber=0), ChildWorkFact(id=2, amount=0, minDate=0, minNumber=0), ChildWorkFact(id=3, amount=0, minDate=0, minNumber=0)], childSortFactList=[]); $id=1; $list=[Contract(date=19991231, number=200), Contract(date=19991231, number=300), Contract(date=20190301, number=100), Contract(date=20180603, number=100), Contract(date=20000101, number=100)]</declarations>
      <factHandleIds>1,2,11,29,49</factHandleIds>
    </org.drools.core.audit.event.ActivationLogEvent>
    <org.drools.core.audit.event.ObjectLogEvent>
      <type>2</type>
      <factId>1</factId>
      <objectToString>RootFact(childFactList=[ChildFact(id=1, amount=5000, contractList=[Contract(date=19991231, number=200), Contract(date=19991231, number=300), Contract(date=20190301, number=100), Contract(date=20180603, number=100), Contract(date=20000101, number=100)]), ChildFact(id=2, amount=4999, contractList=[Contract(date=19991231, number=200), Contract(date=19991231, number=300), Contract(date=20190301, number=100), Contract(date=20180603, number=100), Contract(date=20000101, number=100)]), ChildFact(id=3, amount=4998, contractList=[Contract(date=19991231, number=200), Contract(date=19991231, number=300), Contract(date=20190301, number=100), Contract(date=20180603, number=100), Contract(date=20000101, number=100)])], childWorkFactList=[ChildWorkFact(id=1, amount=5000, minDate=19991231, minNumber=200), ChildWorkFact(id=2, amount=0, minDate=0, minNumber=0), ChildWorkFact(id=3, amount=0, minDate=0, minNumber=0)], childSortFactList=[ChildWorkFact(id=1, amount=5000, minDate=19991231, minNumber=200)])</objectToString>
    </org.drools.core.audit.event.ObjectLogEvent>
    <org.drools.core.audit.event.ActivationLogEvent>
      <type>7</type>
      <activationId>Sort Rule [1, 2, 11, 29, 49]</activationId>
      <rule>Sort Rule</rule>
      <declarations>$childWork=ChildWorkFact(id=1, amount=5000, minDate=19991231, minNumber=200); $minDate=19991231; $minNum=200; $amount=5000; $child=ChildFact(id=1, amount=5000, contractList=[Contract(date=19991231, number=200), Contract(date=19991231, number=300), Contract(date=20190301, number=100), Contract(date=20180603, number=100), Contract(date=20000101, number=100)]); $fact=RootFact(childFactList=[ChildFact(id=1, amount=5000, contractList=[Contract(date=19991231, number=200), Contract(date=19991231, number=300), Contract(date=20190301, number=100), Contract(date=20180603, number=100), Contract(date=20000101, number=100)]), ChildFact(id=2, amount=4999, contractList=[Contract(date=19991231, number=200), Contract(date=19991231, number=300), Contract(date=20190301, number=100), Contract(date=20180603, number=100), Contract(date=20000101, number=100)]), ChildFact(id=3, amount=4998, contractList=[Contract(date=19991231, number=200), Contract(date=19991231, number=300), Contract(date=20190301, number=100), Contract(date=20180603, number=100), Contract(date=20000101, number=100)])], childWorkFactList=[ChildWorkFact(id=1, amount=5000, minDate=19991231, minNumber=200), ChildWorkFact(id=2, amount=0, minDate=0, minNumber=0), ChildWorkFact(id=3, amount=0, minDate=0, minNumber=0)], childSortFactList=[ChildWorkFact(id=1, amount=5000, minDate=19991231, minNumber=200)]); $id=1; $list=[Contract(date=19991231, number=200), Contract(date=19991231, number=300), Contract(date=20190301, number=100), Contract(date=20180603, number=100), Contract(date=20000101, number=100)]</declarations>
      <factHandleIds>1,2,11,29,49</factHandleIds>
    </org.drools.core.audit.event.ActivationLogEvent>
    <org.drools.core.audit.event.ActivationLogEvent>
      <type>6</type>
      <activationId>Sort Rule [1, 3, 9, 30, 48]</activationId>
      <rule>Sort Rule</rule>
      <declarations>$childWork=ChildWorkFact(id=2, amount=0, minDate=0, minNumber=0); $minDate=19991231; $minNum=200; $amount=4999; $child=ChildFact(id=2, amount=4999, contractList=[Contract(date=19991231, number=200), Contract(date=19991231, number=300), Contract(date=20190301, number=100), Contract(date=20180603, number=100), Contract(date=20000101, number=100)]); $fact=RootFact(childFactList=[ChildFact(id=1, amount=5000, contractList=[Contract(date=19991231, number=200), Contract(date=19991231, number=300), Contract(date=20190301, number=100), Contract(date=20180603, number=100), Contract(date=20000101, number=100)]), ChildFact(id=2, amount=4999, contractList=[Contract(date=19991231, number=200), Contract(date=19991231, number=300), Contract(date=20190301, number=100), Contract(date=20180603, number=100), Contract(date=20000101, number=100)]), ChildFact(id=3, amount=4998, contractList=[Contract(date=19991231, number=200), Contract(date=19991231, number=300), Contract(date=20190301, number=100), Contract(date=20180603, number=100), Contract(date=20000101, number=100)])], childWorkFactList=[ChildWorkFact(id=1, amount=5000, minDate=19991231, minNumber=200), ChildWorkFact(id=2, amount=0, minDate=0, minNumber=0), ChildWorkFact(id=3, amount=0, minDate=0, minNumber=0)], childSortFactList=[ChildWorkFact(id=1, amount=5000, minDate=19991231, minNumber=200)]); $id=2; $list=[Contract(date=19991231, number=200), Contract(date=19991231, number=300), Contract(date=20190301, number=100), Contract(date=20180603, number=100), Contract(date=20000101, number=100)]</declarations>
      <factHandleIds>1,3,9,30,48</factHandleIds>
    </org.drools.core.audit.event.ActivationLogEvent>
    <org.drools.core.audit.event.ObjectLogEvent>
      <type>2</type>
      <factId>1</factId>
      <objectToString>RootFact(childFactList=[ChildFact(id=1, amount=5000, contractList=[Contract(date=19991231, number=200), Contract(date=19991231, number=300), Contract(date=20190301, number=100), Contract(date=20180603, number=100), Contract(date=20000101, number=100)]), ChildFact(id=2, amount=4999, contractList=[Contract(date=19991231, number=200), Contract(date=19991231, number=300), Contract(date=20190301, number=100), Contract(date=20180603, number=100), Contract(date=20000101, number=100)]), ChildFact(id=3, amount=4998, contractList=[Contract(date=19991231, number=200), Contract(date=19991231, number=300), Contract(date=20190301, number=100), Contract(date=20180603, number=100), Contract(date=20000101, number=100)])], childWorkFactList=[ChildWorkFact(id=1, amount=5000, minDate=19991231, minNumber=200), ChildWorkFact(id=2, amount=4999, minDate=19991231, minNumber=200), ChildWorkFact(id=3, amount=0, minDate=0, minNumber=0)], childSortFactList=[ChildWorkFact(id=1, amount=5000, minDate=19991231, minNumber=200), ChildWorkFact(id=2, amount=4999, minDate=19991231, minNumber=200)])</objectToString>
    </org.drools.core.audit.event.ObjectLogEvent>
    <org.drools.core.audit.event.ActivationLogEvent>
      <type>7</type>
      <activationId>Sort Rule [1, 3, 9, 30, 48]</activationId>
      <rule>Sort Rule</rule>
      <declarations>$childWork=ChildWorkFact(id=2, amount=4999, minDate=19991231, minNumber=200); $minDate=19991231; $minNum=200; $amount=4999; $child=ChildFact(id=2, amount=4999, contractList=[Contract(date=19991231, number=200), Contract(date=19991231, number=300), Contract(date=20190301, number=100), Contract(date=20180603, number=100), Contract(date=20000101, number=100)]); $fact=RootFact(childFactList=[ChildFact(id=1, amount=5000, contractList=[Contract(date=19991231, number=200), Contract(date=19991231, number=300), Contract(date=20190301, number=100), Contract(date=20180603, number=100), Contract(date=20000101, number=100)]), ChildFact(id=2, amount=4999, contractList=[Contract(date=19991231, number=200), Contract(date=19991231, number=300), Contract(date=20190301, number=100), Contract(date=20180603, number=100), Contract(date=20000101, number=100)]), ChildFact(id=3, amount=4998, contractList=[Contract(date=19991231, number=200), Contract(date=19991231, number=300), Contract(date=20190301, number=100), Contract(date=20180603, number=100), Contract(date=20000101, number=100)])], childWorkFactList=[ChildWorkFact(id=1, amount=5000, minDate=19991231, minNumber=200), ChildWorkFact(id=2, amount=4999, minDate=19991231, minNumber=200), ChildWorkFact(id=3, amount=0, minDate=0, minNumber=0)], childSortFactList=[ChildWorkFact(id=1, amount=5000, minDate=19991231, minNumber=200), ChildWorkFact(id=2, amount=4999, minDate=19991231, minNumber=200)]); $id=2; $list=[Contract(date=19991231, number=200), Contract(date=19991231, number=300), Contract(date=20190301, number=100), Contract(date=20180603, number=100), Contract(date=20000101, number=100)]</declarations>
      <factHandleIds>1,3,9,30,48</factHandleIds>
    </org.drools.core.audit.event.ActivationLogEvent>
    <org.drools.core.audit.event.ActivationLogEvent>
      <type>6</type>
      <activationId>Sort Rule [1, 4, 7, 31, 47]</activationId>
      <rule>Sort Rule</rule>
      <declarations>$childWork=ChildWorkFact(id=3, amount=0, minDate=0, minNumber=0); $minDate=19991231; $minNum=200; $amount=4998; $child=ChildFact(id=3, amount=4998, contractList=[Contract(date=19991231, number=200), Contract(date=19991231, number=300), Contract(date=20190301, number=100), Contract(date=20180603, number=100), Contract(date=20000101, number=100)]); $fact=RootFact(childFactList=[ChildFact(id=1, amount=5000, contractList=[Contract(date=19991231, number=200), Contract(date=19991231, number=300), Contract(date=20190301, number=100), Contract(date=20180603, number=100), Contract(date=20000101, number=100)]), ChildFact(id=2, amount=4999, contractList=[Contract(date=19991231, number=200), Contract(date=19991231, number=300), Contract(date=20190301, number=100), Contract(date=20180603, number=100), Contract(date=20000101, number=100)]), ChildFact(id=3, amount=4998, contractList=[Contract(date=19991231, number=200), Contract(date=19991231, number=300), Contract(date=20190301, number=100), Contract(date=20180603, number=100), Contract(date=20000101, number=100)])], childWorkFactList=[ChildWorkFact(id=1, amount=5000, minDate=19991231, minNumber=200), ChildWorkFact(id=2, amount=4999, minDate=19991231, minNumber=200), ChildWorkFact(id=3, amount=0, minDate=0, minNumber=0)], childSortFactList=[ChildWorkFact(id=1, amount=5000, minDate=19991231, minNumber=200), ChildWorkFact(id=2, amount=4999, minDate=19991231, minNumber=200)]); $id=3; $list=[Contract(date=19991231, number=200), Contract(date=19991231, number=300), Contract(date=20190301, number=100), Contract(date=20180603, number=100), Contract(date=20000101, number=100)]</declarations>
      <factHandleIds>1,4,7,31,47</factHandleIds>
    </org.drools.core.audit.event.ActivationLogEvent>
    <org.drools.core.audit.event.ObjectLogEvent>
      <type>2</type>
      <factId>1</factId>
      <objectToString>RootFact(childFactList=[ChildFact(id=1, amount=5000, contractList=[Contract(date=19991231, number=200), Contract(date=19991231, number=300), Contract(date=20190301, number=100), Contract(date=20180603, number=100), Contract(date=20000101, number=100)]), ChildFact(id=2, amount=4999, contractList=[Contract(date=19991231, number=200), Contract(date=19991231, number=300), Contract(date=20190301, number=100), Contract(date=20180603, number=100), Contract(date=20000101, number=100)]), ChildFact(id=3, amount=4998, contractList=[Contract(date=19991231, number=200), Contract(date=19991231, number=300), Contract(date=20190301, number=100), Contract(date=20180603, number=100), Contract(date=20000101, number=100)])], childWorkFactList=[ChildWorkFact(id=1, amount=5000, minDate=19991231, minNumber=200), ChildWorkFact(id=2, amount=4999, minDate=19991231, minNumber=200), ChildWorkFact(id=3, amount=4998, minDate=19991231, minNumber=200)], childSortFactList=[ChildWorkFact(id=1, amount=5000, minDate=19991231, minNumber=200), ChildWorkFact(id=2, amount=4999, minDate=19991231, minNumber=200), ChildWorkFact(id=3, amount=4998, minDate=19991231, minNumber=200)])</objectToString>
    </org.drools.core.audit.event.ObjectLogEvent>
    <org.drools.core.audit.event.ActivationLogEvent>
      <type>7</type>
      <activationId>Sort Rule [1, 4, 7, 31, 47]</activationId>
      <rule>Sort Rule</rule>
      <declarations>$childWork=ChildWorkFact(id=3, amount=4998, minDate=19991231, minNumber=200); $minDate=19991231; $minNum=200; $amount=4998; $child=ChildFact(id=3, amount=4998, contractList=[Contract(date=19991231, number=200), Contract(date=19991231, number=300), Contract(date=20190301, number=100), Contract(date=20180603, number=100), Contract(date=20000101, number=100)]); $fact=RootFact(childFactList=[ChildFact(id=1, amount=5000, contractList=[Contract(date=19991231, number=200), Contract(date=19991231, number=300), Contract(date=20190301, number=100), Contract(date=20180603, number=100), Contract(date=20000101, number=100)]), ChildFact(id=2, amount=4999, contractList=[Contract(date=19991231, number=200), Contract(date=19991231, number=300), Contract(date=20190301, number=100), Contract(date=20180603, number=100), Contract(date=20000101, number=100)]), ChildFact(id=3, amount=4998, contractList=[Contract(date=19991231, number=200), Contract(date=19991231, number=300), Contract(date=20190301, number=100), Contract(date=20180603, number=100), Contract(date=20000101, number=100)])], childWorkFactList=[ChildWorkFact(id=1, amount=5000, minDate=19991231, minNumber=200), ChildWorkFact(id=2, amount=4999, minDate=19991231, minNumber=200), ChildWorkFact(id=3, amount=4998, minDate=19991231, minNumber=200)], childSortFactList=[ChildWorkFact(id=1, amount=5000, minDate=19991231, minNumber=200), ChildWorkFact(id=2, amount=4999, minDate=19991231, minNumber=200), ChildWorkFact(id=3, amount=4998, minDate=19991231, minNumber=200)]); $id=3; $list=[Contract(date=19991231, number=200), Contract(date=19991231, number=300), Contract(date=20190301, number=100), Contract(date=20180603, number=100), Contract(date=20000101, number=100)]</declarations>
      <factHandleIds>1,4,7,31,47</factHandleIds>
    </org.drools.core.audit.event.ActivationLogEvent>
  </events>
</org.drools.core.audit.WorkingMemoryLog>
</object-stream>
